<?xml version="1.0" encoding="UTF-8"?>
<testsuite name="com.example.VesselTest" tests="5" skipped="0" failures="0" errors="0" timestamp="2025-01-20T12:24:11" hostname="Itays-MacBook-Air-2.local" time="1.566">
  <properties/>
  <testcase name="testGetVesselById()" classname="com.example.VesselTest" time="1.375"/>
  <testcase name="testCreateVessel()" classname="com.example.VesselTest" time="0.061"/>
  <testcase name="testGetVesselsByColor()" classname="com.example.VesselTest" time="0.03"/>
  <testcase name="testDelete()" classname="com.example.VesselTest" time="0.045"/>
  <testcase name="testUpdate()" classname="com.example.VesselTest" time="0.036"/>
  <system-out><![CDATA[14:23:59.538 [Test worker] INFO org.testcontainers.images.PullPolicy -- Image pull policy will be performed by: DefaultPullPolicy()
14:23:59.551 [Test worker] INFO org.testcontainers.utility.ImageNameSubstitutor -- Image name substitution will be performed by: DefaultImageNameSubstitutor (composite of 'ConfigurationFileImageNameSubstitutor' and 'PrefixingImageNameSubstitutor')
14:23:59.564 [Test worker] INFO org.testcontainers.DockerClientFactory -- Testcontainers version: 1.20.4
14:23:59.777 [Test worker] INFO org.testcontainers.dockerclient.DockerClientProviderStrategy -- Loaded org.testcontainers.dockerclient.UnixSocketClientProviderStrategy from ~/.testcontainers.properties, will try it first
14:24:00.099 [Test worker] INFO org.testcontainers.dockerclient.DockerClientProviderStrategy -- Found Docker environment with local Unix socket (unix:///var/run/docker.sock)
14:24:00.104 [Test worker] INFO org.testcontainers.DockerClientFactory -- Docker host IP address is localhost
14:24:00.127 [Test worker] INFO org.testcontainers.DockerClientFactory -- Connected to docker: 
  Server Version: 27.4.0
  API Version: 1.47
  Operating System: Docker Desktop
  Total Memory: 7837 MB
  Labels: 
    com.docker.desktop.address=unix:///Users/itayeshkar/Library/Containers/com.docker.docker/Data/docker-cli.sock
14:24:00.159 [Test worker] INFO tc.testcontainers/ryuk:0.11.0 -- Creating container for image: testcontainers/ryuk:0.11.0
14:24:01.830 [Test worker] INFO tc.testcontainers/ryuk:0.11.0 -- Container testcontainers/ryuk:0.11.0 is starting: 60465a7266e3df424fa13585cd1c8a2bca174c441df8cf23a1db595a90bb4c15
14:24:02.653 [Test worker] INFO tc.testcontainers/ryuk:0.11.0 -- Container testcontainers/ryuk:0.11.0 started in PT2.493988S
14:24:02.661 [Test worker] INFO org.testcontainers.utility.RyukResourceReaper -- Ryuk started - will monitor and terminate Testcontainers containers on JVM exit
14:24:02.661 [Test worker] INFO org.testcontainers.DockerClientFactory -- Checking the system...
14:24:02.661 [Test worker] INFO org.testcontainers.DockerClientFactory -- ✔︎ Docker server version should be at least 1.6.0
14:24:02.663 [Test worker] INFO tc.postgres:14.5 -- Creating container for image: postgres:14.5
14:24:02.714 [Test worker] INFO tc.postgres:14.5 -- Container postgres:14.5 is starting: 44188bdb1822785dcc1fe327826312317e64fae07bbaad029f2dae8e075d4db8
14:24:03.665 [Test worker] INFO tc.postgres:14.5 -- Container postgres:14.5 started in PT1.001087S
14:24:03.668 [Test worker] INFO tc.postgres:14.5 -- Container is started (JDBC URL: jdbc:postgresql://localhost:60064/database?loggerLevel=OFF)
  .   ____          _            __ _ _
 /\\ / ___'_ __ _ _(_)_ __  __ _ \ \ \ \
( ( )\___ | '_ | '_| | '_ \/ _` | \ \ \ \
 \\/  ___)| |_)| | | | | || (_| |  ) ) ) )
  '  |____| .__|_| |_|_| |_\__, | / / / /
 =========|_|==============|___/=/_/_/_/

 :: Spring Boot ::                (v3.3.0)

2025-01-20T14:24:04.459+02:00  INFO 86971 --- [    Test worker] com.example.VesselTest                   : Starting VesselTest using Java 17.0.13 with PID 86971 (started by itayeshkar in /Users/itayeshkar/Documents/GitHub/REST-API/complete)
2025-01-20T14:24:04.467+02:00  INFO 86971 --- [    Test worker] com.example.VesselTest                   : The following 1 profile is active: "dev"
2025-01-20T14:24:06.282+02:00  INFO 86971 --- [    Test worker] .s.d.r.c.RepositoryConfigurationDelegate : Bootstrapping Spring Data JPA repositories in DEFAULT mode.
2025-01-20T14:24:06.336+02:00  INFO 86971 --- [    Test worker] .s.d.r.c.RepositoryConfigurationDelegate : Finished Spring Data repository scanning in 43 ms. Found 0 JPA repository interfaces.
2025-01-20T14:24:07.542+02:00  INFO 86971 --- [    Test worker] o.s.b.w.embedded.tomcat.TomcatWebServer  : Tomcat initialized with port 0 (http)
2025-01-20T14:24:07.560+02:00  INFO 86971 --- [    Test worker] o.apache.catalina.core.StandardService   : Starting service [Tomcat]
2025-01-20T14:24:07.560+02:00  INFO 86971 --- [    Test worker] o.apache.catalina.core.StandardEngine    : Starting Servlet engine: [Apache Tomcat/10.1.24]
2025-01-20T14:24:07.626+02:00  INFO 86971 --- [    Test worker] o.a.c.c.C.[Tomcat].[localhost].[/]       : Initializing Spring embedded WebApplicationContext
2025-01-20T14:24:07.628+02:00  INFO 86971 --- [    Test worker] w.s.c.ServletWebServerApplicationContext : Root WebApplicationContext: initialization completed in 3141 ms
2025-01-20T14:24:07.954+02:00 DEBUG 86971 --- [    Test worker] o.s.w.f.ServerHttpObservationFilter      : Filter 'webMvcObservationFilter' configured for use
2025-01-20T14:24:08.454+02:00  INFO 86971 --- [    Test worker] o.hibernate.jpa.internal.util.LogHelper  : HHH000204: Processing PersistenceUnitInfo [name: default]
2025-01-20T14:24:08.513+02:00  INFO 86971 --- [    Test worker] org.hibernate.Version                    : HHH000412: Hibernate ORM core version 6.5.2.Final
2025-01-20T14:24:08.545+02:00  INFO 86971 --- [    Test worker] o.h.c.internal.RegionFactoryInitiator    : HHH000026: Second-level cache disabled
2025-01-20T14:24:08.900+02:00  INFO 86971 --- [    Test worker] o.s.o.j.p.SpringPersistenceUnitInfo      : No LoadTimeWeaver setup: ignoring JPA class transformer
2025-01-20T14:24:08.945+02:00  INFO 86971 --- [    Test worker] com.zaxxer.hikari.HikariDataSource       : HikariPool-1 - Starting...
2025-01-20T14:24:09.002+02:00  INFO 86971 --- [    Test worker] com.zaxxer.hikari.pool.HikariPool        : HikariPool-1 - Added connection org.postgresql.jdbc.PgConnection@6c930e7e
2025-01-20T14:24:09.004+02:00  INFO 86971 --- [    Test worker] com.zaxxer.hikari.HikariDataSource       : HikariPool-1 - Start completed.
2025-01-20T14:24:09.039+02:00  WARN 86971 --- [    Test worker] org.hibernate.orm.deprecation            : HHH90000025: PostgreSQLDialect does not need to be specified explicitly using 'hibernate.dialect' (remove the property setting and it will be selected by default)
2025-01-20T14:24:09.467+02:00  INFO 86971 --- [    Test worker] o.h.e.t.j.p.i.JtaPlatformInitiator       : HHH000489: No JTA platform available (set 'hibernate.transaction.jta.platform' to enable JTA platform integration)
2025-01-20T14:24:09.476+02:00  INFO 86971 --- [    Test worker] j.LocalContainerEntityManagerFactoryBean : Initialized JPA EntityManagerFactory for persistence unit 'default'
2025-01-20T14:24:09.762+02:00  WARN 86971 --- [    Test worker] JpaBaseConfiguration$JpaWebConfiguration : spring.jpa.open-in-view is enabled by default. Therefore, database queries may be performed during view rendering. Explicitly configure spring.jpa.open-in-view to disable this warning
2025-01-20T14:24:09.938+02:00 DEBUG 86971 --- [    Test worker] s.w.s.m.m.a.RequestMappingHandlerMapping : 5 mappings in 'requestMappingHandlerMapping'
2025-01-20T14:24:10.364+02:00 DEBUG 86971 --- [    Test worker] o.s.w.s.handler.SimpleUrlHandlerMapping  : Patterns [/webjars/**, /**] in 'resourceHandlerMapping'
2025-01-20T14:24:10.445+02:00 DEBUG 86971 --- [    Test worker] s.w.s.m.m.a.RequestMappingHandlerAdapter : ControllerAdvice beans: 0 @ModelAttribute, 0 @InitBinder, 1 RequestBodyAdvice, 1 ResponseBodyAdvice
2025-01-20T14:24:10.487+02:00 DEBUG 86971 --- [    Test worker] .m.m.a.ExceptionHandlerExceptionResolver : ControllerAdvice beans: 0 @ExceptionHandler, 1 ResponseBodyAdvice
2025-01-20T14:24:11.176+02:00  INFO 86971 --- [    Test worker] o.s.b.a.e.web.EndpointLinksResolver      : Exposing 1 endpoint beneath base path '/actuator'
2025-01-20T14:24:11.299+02:00  INFO 86971 --- [    Test worker] o.s.b.w.embedded.tomcat.TomcatWebServer  : Tomcat started on port 60078 (http) with context path '/'
2025-01-20T14:24:11.326+02:00  INFO 86971 --- [    Test worker] com.example.VesselTest                   : Started VesselTest in 7.331 seconds (process running for 13.413)
2025-01-20T14:24:12.366+02:00 DEBUG 86971 --- [    Test worker] o.s.web.client.RestTemplate              : HTTP POST http://localhost:60078/api
2025-01-20T14:24:12.421+02:00 DEBUG 86971 --- [    Test worker] o.s.web.client.RestTemplate              : Accept=[application/json, application/*+json]
2025-01-20T14:24:12.465+02:00 DEBUG 86971 --- [    Test worker] o.s.web.client.RestTemplate              : Writing [com.example.springboot.CustomData.RequestDTO@1548dc37] as "application/json"
2025-01-20T14:24:12.523+02:00  INFO 86971 --- [o-auto-1-exec-1] o.a.c.c.C.[Tomcat].[localhost].[/]       : Initializing Spring DispatcherServlet 'dispatcherServlet'
2025-01-20T14:24:12.524+02:00  INFO 86971 --- [o-auto-1-exec-1] o.s.web.servlet.DispatcherServlet        : Initializing Servlet 'dispatcherServlet'
2025-01-20T14:24:12.525+02:00 DEBUG 86971 --- [o-auto-1-exec-1] o.s.web.servlet.DispatcherServlet        : Detected StandardServletMultipartResolver
2025-01-20T14:24:12.525+02:00 DEBUG 86971 --- [o-auto-1-exec-1] o.s.web.servlet.DispatcherServlet        : Detected AcceptHeaderLocaleResolver
2025-01-20T14:24:12.525+02:00 DEBUG 86971 --- [o-auto-1-exec-1] o.s.web.servlet.DispatcherServlet        : Detected FixedThemeResolver
2025-01-20T14:24:12.527+02:00 DEBUG 86971 --- [o-auto-1-exec-1] o.s.web.servlet.DispatcherServlet        : Detected org.springframework.web.servlet.view.DefaultRequestToViewNameTranslator@7e2c8622
2025-01-20T14:24:12.528+02:00 DEBUG 86971 --- [o-auto-1-exec-1] o.s.web.servlet.DispatcherServlet        : Detected org.springframework.web.servlet.support.SessionFlashMapManager@1b949de4
2025-01-20T14:24:12.528+02:00 DEBUG 86971 --- [o-auto-1-exec-1] o.s.web.servlet.DispatcherServlet        : enableLoggingRequestDetails='false': request parameters and headers will be masked to prevent unsafe logging of potentially sensitive data
2025-01-20T14:24:12.528+02:00  INFO 86971 --- [o-auto-1-exec-1] o.s.web.servlet.DispatcherServlet        : Completed initialization in 4 ms
2025-01-20T14:24:12.539+02:00 DEBUG 86971 --- [o-auto-1-exec-1] o.s.web.servlet.DispatcherServlet        : POST "/api", parameters={}
2025-01-20T14:24:12.544+02:00 DEBUG 86971 --- [o-auto-1-exec-1] s.w.s.m.m.a.RequestMappingHandlerMapping : Mapped to com.example.springboot.RequestController#handelPost(RequestDTO)
2025-01-20T14:24:12.751+02:00 DEBUG 86971 --- [o-auto-1-exec-1] m.m.a.RequestResponseBodyMethodProcessor : Read "application/json;charset=UTF-8" to [com.example.springboot.CustomData.RequestDTO@5c098668]
2025-01-20T14:24:12.806+02:00 DEBUG 86971 --- [o-auto-1-exec-1] o.s.w.s.m.m.a.HttpEntityMethodProcessor  : Using 'application/json', given [application/json, application/*+json] and supported [application/json, application/*+json]
2025-01-20T14:24:12.808+02:00 DEBUG 86971 --- [o-auto-1-exec-1] o.s.w.s.m.m.a.HttpEntityMethodProcessor  : Writing [com.example.springboot.CustomData.ResponseDTO@5ea2e845]
2025-01-20T14:24:12.820+02:00 DEBUG 86971 --- [    Test worker] o.s.web.client.RestTemplate              : Response 200 OK
2025-01-20T14:24:12.820+02:00 DEBUG 86971 --- [o-auto-1-exec-1] o.s.web.servlet.DispatcherServlet        : Completed 200 OK
2025-01-20T14:24:12.824+02:00 DEBUG 86971 --- [    Test worker] o.s.web.client.RestTemplate              : Reading to [com.example.springboot.CustomData.ResponseDTO<?>]
Serialized request: {"dataType":"com.example.springboot.CustomData.Vessel","message":"VESSEL FOUND","data":{"@class":"com.example.springboot.CustomData.Vessel","id":"32c145f4-4898-400e-af9c-f50f4aeab512","type":"Cargo","color":"Red"}}
2025-01-20T14:24:12.910+02:00 DEBUG 86971 --- [    Test worker] o.s.web.client.RestTemplate              : HTTP POST http://localhost:60078/api
2025-01-20T14:24:12.915+02:00 DEBUG 86971 --- [    Test worker] o.s.web.client.RestTemplate              : Accept=[application/json, application/*+json]
2025-01-20T14:24:12.915+02:00 DEBUG 86971 --- [    Test worker] o.s.web.client.RestTemplate              : Writing [com.example.springboot.CustomData.RequestDTO@76093fa9] as "application/json"
2025-01-20T14:24:12.918+02:00 DEBUG 86971 --- [o-auto-1-exec-2] o.s.web.servlet.DispatcherServlet        : POST "/api", parameters={}
2025-01-20T14:24:12.919+02:00 DEBUG 86971 --- [o-auto-1-exec-2] s.w.s.m.m.a.RequestMappingHandlerMapping : Mapped to com.example.springboot.RequestController#handelPost(RequestDTO)
2025-01-20T14:24:12.921+02:00 DEBUG 86971 --- [o-auto-1-exec-2] m.m.a.RequestResponseBodyMethodProcessor : Read "application/json;charset=UTF-8" to [com.example.springboot.CustomData.RequestDTO@26638d4b]
2025-01-20T14:24:12.928+02:00 DEBUG 86971 --- [o-auto-1-exec-2] o.s.w.s.m.m.a.HttpEntityMethodProcessor  : Using 'application/json', given [application/json, application/*+json] and supported [application/json, application/*+json]
2025-01-20T14:24:12.928+02:00 DEBUG 86971 --- [o-auto-1-exec-2] o.s.w.s.m.m.a.HttpEntityMethodProcessor  : Writing [com.example.springboot.CustomData.ResponseDTO@6fdc6d3b]
2025-01-20T14:24:12.929+02:00 DEBUG 86971 --- [    Test worker] o.s.web.client.RestTemplate              : Response 201 CREATED
2025-01-20T14:24:12.929+02:00 DEBUG 86971 --- [o-auto-1-exec-2] o.s.web.servlet.DispatcherServlet        : Completed 201 CREATED
2025-01-20T14:24:12.929+02:00 DEBUG 86971 --- [    Test worker] o.s.web.client.RestTemplate              : Reading to [com.example.springboot.CustomData.ResponseDTO<?>]
Serialized request: {"dataType":"com.example.springboot.CustomData.Vessel","message":"ACTION COMPLETED","data":{"@class":"com.example.springboot.CustomData.Vessel","id":"2b8333db-44b3-4dc4-b6ca-6627e2f9c9dd","type":"Cargo","color":"Red"}}
2025-01-20T14:24:12.942+02:00 DEBUG 86971 --- [    Test worker] o.s.web.client.RestTemplate              : HTTP POST http://localhost:60078/api
2025-01-20T14:24:12.943+02:00 DEBUG 86971 --- [    Test worker] o.s.web.client.RestTemplate              : Accept=[application/json, application/*+json]
2025-01-20T14:24:12.944+02:00 DEBUG 86971 --- [    Test worker] o.s.web.client.RestTemplate              : Writing [com.example.springboot.CustomData.RequestDTO@36117f63] as "application/json"
2025-01-20T14:24:12.946+02:00 DEBUG 86971 --- [o-auto-1-exec-3] o.s.web.servlet.DispatcherServlet        : POST "/api", parameters={}
2025-01-20T14:24:12.946+02:00 DEBUG 86971 --- [o-auto-1-exec-3] s.w.s.m.m.a.RequestMappingHandlerMapping : Mapped to com.example.springboot.RequestController#handelPost(RequestDTO)
2025-01-20T14:24:12.948+02:00 DEBUG 86971 --- [o-auto-1-exec-3] m.m.a.RequestResponseBodyMethodProcessor : Read "application/json;charset=UTF-8" to [com.example.springboot.CustomData.RequestDTO@254200e6]
2025-01-20T14:24:12.950+02:00 DEBUG 86971 --- [o-auto-1-exec-3] o.s.w.s.m.m.a.HttpEntityMethodProcessor  : Using 'application/json', given [application/json, application/*+json] and supported [application/json, application/*+json]
2025-01-20T14:24:12.951+02:00 DEBUG 86971 --- [o-auto-1-exec-3] o.s.w.s.m.m.a.HttpEntityMethodProcessor  : Writing [com.example.springboot.CustomData.ResponseDTO@217d8096]
2025-01-20T14:24:12.952+02:00 DEBUG 86971 --- [    Test worker] o.s.web.client.RestTemplate              : Response 200 OK
2025-01-20T14:24:12.952+02:00 DEBUG 86971 --- [o-auto-1-exec-3] o.s.web.servlet.DispatcherServlet        : Completed 200 OK
2025-01-20T14:24:12.955+02:00 DEBUG 86971 --- [    Test worker] o.s.web.client.RestTemplate              : Reading to [com.example.springboot.CustomData.ResponseDTO<?>]
Serialized request: {"dataType":"com.example.springboot.CustomData.Vessel","message":"VESSEL FOUND","data":{"@class":"com.example.springboot.CustomData.Vessel","id":"2b8333db-44b3-4dc4-b6ca-6627e2f9c9dd","type":"Cargo","color":"Red"}}
2025-01-20T14:24:12.974+02:00 DEBUG 86971 --- [    Test worker] o.s.web.client.RestTemplate              : HTTP POST http://localhost:60078/api
2025-01-20T14:24:12.975+02:00 DEBUG 86971 --- [    Test worker] o.s.web.client.RestTemplate              : Accept=[application/json, application/*+json]
2025-01-20T14:24:12.975+02:00 DEBUG 86971 --- [    Test worker] o.s.web.client.RestTemplate              : Writing [com.example.springboot.CustomData.RequestDTO@1aac520e] as "application/json"
2025-01-20T14:24:12.978+02:00 DEBUG 86971 --- [o-auto-1-exec-4] o.s.web.servlet.DispatcherServlet        : POST "/api", parameters={}
2025-01-20T14:24:12.979+02:00 DEBUG 86971 --- [o-auto-1-exec-4] s.w.s.m.m.a.RequestMappingHandlerMapping : Mapped to com.example.springboot.RequestController#handelPost(RequestDTO)
2025-01-20T14:24:12.980+02:00 DEBUG 86971 --- [o-auto-1-exec-4] m.m.a.RequestResponseBodyMethodProcessor : Read "application/json;charset=UTF-8" to [com.example.springboot.CustomData.RequestDTO@500714d4]
2025-01-20T14:24:12.984+02:00 DEBUG 86971 --- [o-auto-1-exec-4] o.s.w.s.m.m.a.HttpEntityMethodProcessor  : Using 'application/json', given [application/json, application/*+json] and supported [application/json, application/*+json]
2025-01-20T14:24:12.985+02:00 DEBUG 86971 --- [o-auto-1-exec-4] o.s.w.s.m.m.a.HttpEntityMethodProcessor  : Writing [com.example.springboot.CustomData.ResponseDTO@54389a0c]
2025-01-20T14:24:12.986+02:00 DEBUG 86971 --- [    Test worker] o.s.web.client.RestTemplate              : Response 200 OK
2025-01-20T14:24:12.986+02:00 DEBUG 86971 --- [o-auto-1-exec-4] o.s.web.servlet.DispatcherServlet        : Completed 200 OK
2025-01-20T14:24:12.987+02:00 DEBUG 86971 --- [    Test worker] o.s.web.client.RestTemplate              : Reading to [com.example.springboot.CustomData.ResponseDTO<?>]
Serialized request: {"dataType":"java.util.ArrayList","message":"VESSEL'S FOUND","data":["java.util.ArrayList",[{"id":"bb39cc00-eff8-4d8a-b2c7-122f31e20a50","type":"Passenger","color":"Blue"},{"id":"a8392946-b34f-41e8-b1bf-82cb9c11aacd","type":"Military","color":"Blue"}]]}
2025-01-20T14:24:13.002+02:00 DEBUG 86971 --- [    Test worker] o.s.web.client.RestTemplate              : HTTP DELETE http://localhost:60078/api
2025-01-20T14:24:13.004+02:00 DEBUG 86971 --- [    Test worker] o.s.web.client.RestTemplate              : Accept=[application/json, application/*+json]
2025-01-20T14:24:13.004+02:00 DEBUG 86971 --- [    Test worker] o.s.web.client.RestTemplate              : Writing [com.example.springboot.CustomData.RequestDTO@7dbe9654] as "application/json"
2025-01-20T14:24:13.006+02:00 DEBUG 86971 --- [o-auto-1-exec-5] o.s.web.servlet.DispatcherServlet        : DELETE "/api", parameters={}
2025-01-20T14:24:13.007+02:00 DEBUG 86971 --- [o-auto-1-exec-5] s.w.s.m.m.a.RequestMappingHandlerMapping : Mapped to com.example.springboot.RequestController#handelDelete(RequestDTO)
2025-01-20T14:24:13.010+02:00 DEBUG 86971 --- [o-auto-1-exec-5] m.m.a.RequestResponseBodyMethodProcessor : Read "application/json;charset=UTF-8" to [com.example.springboot.CustomData.RequestDTO@43998321]
com.example.springboot.CustomData.RequestDTO@43998321
2025-01-20T14:24:13.015+02:00 DEBUG 86971 --- [o-auto-1-exec-5] o.s.w.s.m.m.a.HttpEntityMethodProcessor  : Using 'application/json', given [application/json, application/*+json] and supported [application/json, application/*+json]
2025-01-20T14:24:13.016+02:00 DEBUG 86971 --- [o-auto-1-exec-5] o.s.w.s.m.m.a.HttpEntityMethodProcessor  : Writing [com.example.springboot.CustomData.ResponseDTO@47a60f8a]
2025-01-20T14:24:13.016+02:00 DEBUG 86971 --- [o-auto-1-exec-5] o.s.web.servlet.DispatcherServlet        : Completed 200 OK
2025-01-20T14:24:13.016+02:00 DEBUG 86971 --- [    Test worker] o.s.web.client.RestTemplate              : Response 200 OK
2025-01-20T14:24:13.018+02:00 DEBUG 86971 --- [    Test worker] o.s.web.client.RestTemplate              : Reading to [com.example.springboot.CustomData.ResponseDTO<?>]
Serialized request: {"dataType":"com.example.springboot.CustomData.Vessel","message":"ACTION COMPLETED","data":{"@class":"com.example.springboot.CustomData.Vessel","id":"bb39cc00-eff8-4d8a-b2c7-122f31e20a50","type":"","color":""}}
2025-01-20T14:24:13.026+02:00 DEBUG 86971 --- [    Test worker] o.s.web.client.RestTemplate              : HTTP POST http://localhost:60078/api
2025-01-20T14:24:13.027+02:00 DEBUG 86971 --- [    Test worker] o.s.web.client.RestTemplate              : Accept=[application/json, application/*+json]
2025-01-20T14:24:13.028+02:00 DEBUG 86971 --- [    Test worker] o.s.web.client.RestTemplate              : Writing [com.example.springboot.CustomData.RequestDTO@74a46f81] as "application/json"
2025-01-20T14:24:13.030+02:00 DEBUG 86971 --- [o-auto-1-exec-6] o.s.web.servlet.DispatcherServlet        : POST "/api", parameters={}
2025-01-20T14:24:13.030+02:00 DEBUG 86971 --- [o-auto-1-exec-6] s.w.s.m.m.a.RequestMappingHandlerMapping : Mapped to com.example.springboot.RequestController#handelPost(RequestDTO)
2025-01-20T14:24:13.032+02:00 DEBUG 86971 --- [o-auto-1-exec-6] m.m.a.RequestResponseBodyMethodProcessor : Read "application/json;charset=UTF-8" to [com.example.springboot.CustomData.RequestDTO@3f68b04d]
2025-01-20T14:24:13.035+02:00 DEBUG 86971 --- [o-auto-1-exec-6] o.s.w.s.m.m.a.HttpEntityMethodProcessor  : Using 'application/json', given [application/json, application/*+json] and supported [application/json, application/*+json]
2025-01-20T14:24:13.035+02:00 DEBUG 86971 --- [o-auto-1-exec-6] o.s.w.s.m.m.a.HttpEntityMethodProcessor  : Writing [com.example.springboot.CustomData.ResponseDTO@7e55ba76]
2025-01-20T14:24:13.036+02:00 DEBUG 86971 --- [    Test worker] o.s.web.client.RestTemplate              : Response 200 OK
2025-01-20T14:24:13.036+02:00 DEBUG 86971 --- [o-auto-1-exec-6] o.s.web.servlet.DispatcherServlet        : Completed 200 OK
2025-01-20T14:24:13.036+02:00 DEBUG 86971 --- [    Test worker] o.s.web.client.RestTemplate              : Reading to [com.example.springboot.CustomData.ResponseDTO<?>]
Serialized request: {"dataType":"java.lang.String","message":"NO VESSEL FOUND","data":"NONE"}
2025-01-20T14:24:13.050+02:00 DEBUG 86971 --- [    Test worker] o.s.web.client.RestTemplate              : HTTP PUT http://localhost:60078/api
2025-01-20T14:24:13.051+02:00 DEBUG 86971 --- [    Test worker] o.s.web.client.RestTemplate              : Accept=[application/json, application/*+json]
2025-01-20T14:24:13.051+02:00 DEBUG 86971 --- [    Test worker] o.s.web.client.RestTemplate              : Writing [com.example.springboot.CustomData.RequestDTO@22b8eaf0] as "application/json"
2025-01-20T14:24:13.054+02:00 DEBUG 86971 --- [o-auto-1-exec-7] o.s.web.servlet.DispatcherServlet        : PUT "/api", parameters={}
2025-01-20T14:24:13.055+02:00 DEBUG 86971 --- [o-auto-1-exec-7] s.w.s.m.m.a.RequestMappingHandlerMapping : Mapped to com.example.springboot.RequestController#handelPut(RequestDTO)
2025-01-20T14:24:13.056+02:00 DEBUG 86971 --- [o-auto-1-exec-7] m.m.a.RequestResponseBodyMethodProcessor : Read "application/json;charset=UTF-8" to [com.example.springboot.CustomData.RequestDTO@43b287b3]
2025-01-20T14:24:13.060+02:00 DEBUG 86971 --- [o-auto-1-exec-7] o.s.w.s.m.m.a.HttpEntityMethodProcessor  : Using 'application/json', given [application/json, application/*+json] and supported [application/json, application/*+json]
2025-01-20T14:24:13.060+02:00 DEBUG 86971 --- [o-auto-1-exec-7] o.s.w.s.m.m.a.HttpEntityMethodProcessor  : Writing [com.example.springboot.CustomData.ResponseDTO@478d1b1d]
2025-01-20T14:24:13.061+02:00 DEBUG 86971 --- [    Test worker] o.s.web.client.RestTemplate              : Response 200 OK
2025-01-20T14:24:13.061+02:00 DEBUG 86971 --- [o-auto-1-exec-7] o.s.web.servlet.DispatcherServlet        : Completed 200 OK
2025-01-20T14:24:13.062+02:00 DEBUG 86971 --- [    Test worker] o.s.web.client.RestTemplate              : Reading to [com.example.springboot.CustomData.ResponseDTO<?>]
Serialized request: {"dataType":"com.example.springboot.CustomData.Vessel","message":"ACTION COMPLETED","data":{"@class":"com.example.springboot.CustomData.Vessel","id":"a8392946-b34f-41e8-b1bf-82cb9c11aacd","type":"Tanker","color":"Yellow"}}
]]></system-out>
  <system-err><![CDATA[]]></system-err>
</testsuite>
